MESH_X = 50

MESH_Y = 100

MESH_Z = 1

DELTA_X = 1.000000e-08

DELTA_Y = 1.000000e-08

DELTA_Z = 1.000000e-08

NUMPHASES = 3

NUMCOMPONENTS = 2

DIMENSION = 2

NTIMESTEPS = 20000

SAVET = 1000

NSMOOTH = 10

R = 8.314000e+00

V = 1.000000e-05

TEMPERATURE_SCALE = 0.000000e+00

TEMPERATURE = 6.530000e+02

Equilibrium_temperature = 6.540000e+02

Filling_temperature = 6.530000e+02

GAMMA = [0.000000e+00,1.000000e-01,1.000000e-01
         1.000000e-01,0.000000e+00,1.000000e-01
         1.000000e-01,1.000000e-01,0.000000e+00]

dab = [0.000000e+00,1.000000e-02,1.000000e-02
       1.000000e-02,0.000000e+00,1.000000e-02
       1.000000e-02,1.000000e-02,0.000000e+00]

Tau = [0.000000e+00,2.800000e-01,2.800000e-01
       2.800000e-01,0.000000e+00,2.800000e-01
       2.800000e-01,2.800000e-01,0.000000e+00]

DIFFUSIVITY[alpha] = [0.000000e+00]

DIFFUSIVITY[beta] = [0.000000e+00]

DIFFUSIVITY[liquid] = [1.000000e-09]

Slopes[Solidus,alpha] = [0.000000e+00]

Slopes[Solidus,beta] = [0.000000e+00]

Slopes[Solidus,liquid] = [0.000000e+00]

Slopes[Liquidus,alpha] = [0.000000e+00]

Slopes[Liquidus,beta] = [0.000000e+00]

Slopes[Liquidus,liquid] = [0.000000e+00]

A[alpha] = [8.357795e+03]

A[beta] = [7.185604e+04]

A[liquid] = [1.813324e+04]

Rotation_matrix[alpha][beta] = [0.000000e+00,0.000000e+00,0.000000e+00
                                0.000000e+00,0.000000e+00,0.000000e+00
                                0.000000e+00,0.000000e+00,0.000000e+00]

Rotation_matrix[alpha][liquid] = [0.000000e+00,0.000000e+00,0.000000e+00
                                  0.000000e+00,0.000000e+00,0.000000e+00
                                  0.000000e+00,0.000000e+00,0.000000e+00]

Rotation_matrix[beta][alpha] = [0.000000e+00,0.000000e+00,0.000000e+00
                                0.000000e+00,0.000000e+00,0.000000e+00
                                0.000000e+00,0.000000e+00,0.000000e+00]

Rotation_matrix[beta][liquid] = [0.000000e+00,0.000000e+00,0.000000e+00
                                 0.000000e+00,0.000000e+00,0.000000e+00
                                 0.000000e+00,0.000000e+00,0.000000e+00]

Rotation_matrix[liquid][alpha] = [0.000000e+00,0.000000e+00,0.000000e+00
                                  0.000000e+00,0.000000e+00,0.000000e+00
                                  0.000000e+00,0.000000e+00,0.000000e+00]

Rotation_matrix[liquid][beta] = [0.000000e+00,0.000000e+00,0.000000e+00
                                 0.000000e+00,0.000000e+00,0.000000e+00
                                 0.000000e+00,0.000000e+00,0.000000e+00]

Inv_Rotation_matrix[alpha][beta] = [0.000000e+00,0.000000e+00,0.000000e+00
                                    0.000000e+00,0.000000e+00,0.000000e+00
                                    0.000000e+00,0.000000e+00,0.000000e+00]

Inv_Rotation_matrix[alpha][liquid] = [0.000000e+00,0.000000e+00,0.000000e+00
                                      0.000000e+00,0.000000e+00,0.000000e+00
                                      0.000000e+00,0.000000e+00,0.000000e+00]

Inv_Rotation_matrix[beta][alpha] = [0.000000e+00,0.000000e+00,0.000000e+00
                                    0.000000e+00,0.000000e+00,0.000000e+00
                                    0.000000e+00,0.000000e+00,0.000000e+00]

Inv_Rotation_matrix[beta][liquid] = [0.000000e+00,0.000000e+00,0.000000e+00
                                     0.000000e+00,0.000000e+00,0.000000e+00
                                     0.000000e+00,0.000000e+00,0.000000e+00]

Inv_Rotation_matrix[liquid][alpha] = [0.000000e+00,0.000000e+00,0.000000e+00
                                      0.000000e+00,0.000000e+00,0.000000e+00
                                      0.000000e+00,0.000000e+00,0.000000e+00]

Inv_Rotation_matrix[liquid][beta] = [0.000000e+00,0.000000e+00,0.000000e+00
                                     0.000000e+00,0.000000e+00,0.000000e+00
                                     0.000000e+00,0.000000e+00,0.000000e+00]

Function_F = 4

Function_W = 1

Function_anisotropy = 0

Anisotropy_type = 0

COMPONENTS = [Al,Zn]

PHASES = [alpha,beta,liquid]

ceq[Solidus,alpha] = [3.270000e-01]

ceq[Solidus,beta] = [3.100000e-02]

ceq[Solidus,liquid] = [1.165000e-01]

ceq[Liquidus,alpha] = [1.165000e-01]

ceq[Liquidus,beta] = [1.165000e-01]

ceq[Liquidus,liquid] = [1.165000e-01]

cfill[Liquidus,alpha] = [1.165000e-01]

cfill[Liquidus,beta] = [1.165000e-01]

cfill[Liquidus,liquid] = [1.165000e-01]

EIGEN_STRAIN[alpha].xx = 1.000000e-02
EIGEN_STRAIN[alpha].yy = 1.000000e-02
EIGEN_STRAIN[alpha].zz = 0.000000e+00
EIGEN_STRAIN[alpha].yz = 0.000000e+00
EIGEN_STRAIN[alpha].xz = 0.000000e+00
EIGEN_STRAIN[alpha].xy = 0.000000e+00

EIGEN_STRAIN[beta].xx = 1.000000e-02
EIGEN_STRAIN[beta].yy = 1.000000e-02
EIGEN_STRAIN[beta].zz = 0.000000e+00
EIGEN_STRAIN[beta].yz = 0.000000e+00
EIGEN_STRAIN[beta].xz = 0.000000e+00
EIGEN_STRAIN[beta].xy = 0.000000e+00

EIGEN_STRAIN[liquid].xx = 1.000000e-02
EIGEN_STRAIN[liquid].yy = 1.000000e-02
EIGEN_STRAIN[liquid].zz = 0.000000e+00
EIGEN_STRAIN[liquid].yz = 0.000000e+00
EIGEN_STRAIN[liquid].xz = 0.000000e+00
EIGEN_STRAIN[liquid].xy = 0.000000e+00

Stiffness_cubic[alpha].C11 = 2.700000e+02
Stiffness_cubic[alpha].C12 = 1.875000e+02
Stiffness_cubic[alpha].C44 = 1.250000e+02

Stiffness_cubic[beta].C11 = 2.700000e+02
Stiffness_cubic[beta].C12 = 1.875000e+02
Stiffness_cubic[beta].C44 = 1.250000e+02

Stiffness_cubic[liquid].C11 = 2.700000e+02
Stiffness_cubic[liquid].C12 = 1.875000e+02
Stiffness_cubic[liquid].C44 = 1.250000e+02

